

***********************************************************************
Fatal NI connect error 12500, connecting to:
 (DESCRIPTION=(ADDRESS=(PROTOCOL=TCP)(HOST=DST-FUMIO)(PORT=1521))(CONNECT_DATA=(SERVICE_NAME=ORCL.WORLD)(CID=(PROGRAM=C:\Documents and Settings\FUMIO\Desktop\Utilitarios RM\DB Explorer\dbexplor.exe)(HOST=DST-FUMIO)(USER=Fumio))))

  VERSION INFORMATION:
	TNS for 32-bit Windows: Version 8.1.7.0.0 - Production
	Windows NT TCP/IP NT Protocol Adapter for 32-bit Windows: Version 8.1.7.0.0 - Production
  Time: 03-MAY-2002 14:24:13
  Tracing not turned on.
  Tns error struct:
    nr err code: 0
    ns main err code: 12564
    TNS-12564: TNS:connection refused
    ns secondary err code: 0
    nt main err code: 0
    nt secondary err code: 0
    nt OS err code: 0


***********************************************************************
Fatal NI connect error 12500, connecting to:
 (DESCRIPTION=(ADDRESS=(PROTOCOL=TCP)(HOST=DST-FUMIO)(PORT=1521))(CONNECT_DATA=(SERVICE_NAME=EXEMPLO.WORLD)(CID=(PROGRAM=C:\Documents and Settings\FUMIO\Desktop\Utilitarios RM\DB Explorer\dbexplor.exe)(HOST=DST-FUMIO)(USER=Fumio))))

  VERSION INFORMATION:
	TNS for 32-bit Windows: Version 8.1.7.0.0 - Production
	Windows NT TCP/IP NT Protocol Adapter for 32-bit Windows: Version 8.1.7.0.0 - Production
  Time: 26-AUG-2002 17:28:14
  Tracing not turned on.
  Tns error struct:
    nr err code: 0
    ns main err code: 12564
    TNS-12564: TNS:connection refused
    ns secondary err code: 0
    nt main err code: 0
    nt secondary err code: 0
    nt OS err code: 0


***********************************************************************
Fatal NI connect error 12514, connecting to:
 (DESCRIPTION=(ADDRESS=(PROTOCOL=TCP)(HOST=dst-fumio)(PORT=1521))(CONNECT_DATA=(SERVICE_NAME=BOVESPA.WORLD)(CID=(PROGRAM=C:\Documents and Settings\FUMIO\Desktop\Utilitarios RM\DB Explorer\dbexplor.exe)(HOST=DST-FUMIO)(USER=Fumio))))

  VERSION INFORMATION:
	TNS for 32-bit Windows: Version 8.1.7.0.0 - Production
	Windows NT TCP/IP NT Protocol Adapter for 32-bit Windows: Version 8.1.7.0.0 - Production
  Time: 18-FEB-2003 10:03:17
  Tracing not turned on.
  Tns error struct:
    nr err code: 0
    ns main err code: 12564
    TNS-12564: TNS:connection refused
    ns secondary err code: 0
    nt main err code: 0
    nt secondary err code: 0
    nt OS err code: 0
